#
# There is insufficient memory for the Java Runtime Environment to continue.
# Native memory allocation (mmap) failed to map 130023424 bytes for G1 virtual space
# Possible reasons:
#   The system is out of physical RAM or swap space
#   The process is running with CompressedOops enabled, and the Java Heap may be blocking the growth of the native heap
# Possible solutions:
#   Reduce memory load on the system
#   Increase physical memory or swap space
#   Check if swap backing store is full
#   Decrease Java heap size (-Xmx/-Xms)
#   Decrease number of Java threads
#   Decrease Java thread stack sizes (-Xss)
#   Set larger code cache with -XX:ReservedCodeCacheSize=
#   JVM is running with Unscaled Compressed Oops mode in which the Java heap is
#     placed in the first 4GB address space. The Java Heap base address is the
#     maximum limit for the native heap growth. Please use -XX:HeapBaseMinAddress
#     to set the Java Heap base and to place the Java Heap above 4GB virtual address.
# This output file may be truncated or incomplete.
#
#  Out of Memory Error (os_windows.cpp:3528), pid=18124, tid=18024
#
# JRE version:  (20.0.2+9) (build )
# Java VM: Java HotSpot(TM) 64-Bit Server VM (20.0.2+9-78, mixed mode, sharing, tiered, compressed oops, compressed class ptrs, g1 gc, windows-amd64)
# No core dump will be written. Minidumps are not enabled by default on client versions of Windows
#

---------------  S U M M A R Y ------------

Command Line: -Dfile.encoding=UTF-8 --module-path=C:\Users\arko\OneDrive\Documents\NetBeansProjects\Quiz Application\build\classes quiz.application.Quiz

Host: Intel(R) Core(TM) i5-1035G1 CPU @ 1.00GHz, 8 cores, 7G,  Windows 11 , 64 bit Build 22621 (10.0.22621.2070)
Time: Sun Aug 13 21:45:19 2023 India Standard Time elapsed time: 0.019635 seconds (0d 0h 0m 0s)

---------------  T H R E A D  ---------------

Current thread (0x000001b32cb1c7f0):  JavaThread "Unknown thread" [_thread_in_vm, id=18024, stack(0x00000078cab00000,0x00000078cac00000)]

Stack: [0x00000078cab00000,0x00000078cac00000]
Native frames: (J=compiled Java code, j=interpreted, Vv=VM code, C=native code)
V  [jvm.dll+0x6bc25a]
V  [jvm.dll+0x84971a]
V  [jvm.dll+0x84b315]
V  [jvm.dll+0x84ba13]
V  [jvm.dll+0x280e4f]
V  [jvm.dll+0x6b8fe9]
V  [jvm.dll+0x6adbca]
V  [jvm.dll+0x35b165]
V  [jvm.dll+0x363386]
V  [jvm.dll+0x3b400e]
V  [jvm.dll+0x3b4295]
V  [jvm.dll+0x32b86a]
V  [jvm.dll+0x32c68b]
V  [jvm.dll+0x8123df]
V  [jvm.dll+0x3c1261]
V  [jvm.dll+0x7fe103]
V  [jvm.dll+0x44ccaf]
V  [jvm.dll+0x44e621]
C  [jli.dll+0x5287]
C  [ucrtbase.dll+0x29363]
C  [KERNEL32.DLL+0x126ad]
C  [ntdll.dll+0x5aa68]


---------------  P R O C E S S  ---------------

Threads class SMR info:
_java_thread_list=0x00007ff9699cb118, length=0, elements={
}

Java Threads: ( => current thread )

Other Threads:
  0x000001b32ed54a30 WorkerThread "GC Thread#0" [stack: 0x00000078cac00000,0x00000078cad00000] [id=19952]
  0x000001b32ed65140 ConcurrentGCThread "G1 Main Marker" [stack: 0x00000078cad00000,0x00000078cae00000] [id=19192]
  0x000001b32ed65e70 WorkerThread "G1 Conc#0" [stack: 0x00000078cae00000,0x00000078caf00000] [id=15184]

[error occurred during error reporting (printing all threads), id 0xc0000005, EXCEPTION_ACCESS_VIOLATION (0xc0000005) at pc=0x00007ff9691aeea7]
VM state: not at safepoint (not fully initialized)

VM Mutex/Monitor currently owned by a thread:  ([mutex/lock_event])
[0x000001b32ecf84b0] Heap_lock - owner thread: 0x000001b32cb1c7f0

Heap address: 0x0000000084000000, size: 1984 MB, Compressed Oops mode: 32-bit

CDS archive(s) mapped at: [0x0000000000000000-0x0000000000000000-0x0000000000000000), size 0, SharedBaseAddress: 0x0000000800000000, ArchiveRelocationMode: 1.
Narrow klass base: 0x0000000000000000, Narrow klass shift: 0, Narrow klass range: 0x0

GC Precious Log:
 CardTable entry size: 512
 Card Set container configuration: InlinePtr #cards 5 size 8 Array Of Cards #cards 12 size 40 Howl #buckets 4 coarsen threshold 1843 Howl Bitmap #cards 512 size 80 coarsen threshold 460 Card regions per heap region 1 cards per card region 2048

Heap:
 garbage-first heap   total 0K, used 0K [0x0000000084000000, 0x0000000100000000)
  region size 1024K, 0 young (0K), 0 survivors (0K)

[error occurred during error reporting (printing heap information), id 0xc0000005, EXCEPTION_ACCESS_VIOLATION (0xc0000005) at pc=0x00007ff9695847b9]
GC Heap History (0 events):
No events

Dll operation events (1 events):
Event: 0.011 Loaded shared library C:\Program Files\Java\jdk-20\bin\java.dll

Deoptimization events (0 events):
No events

Classes loaded (0 events):
No events

Classes unloaded (0 events):
No events

Classes redefined (0 events):
No events

Internal exceptions (0 events):
No events

VM Operations (0 events):
No events

Events (0 events):
No events


Dynamic libraries:
0x00007ff792e40000 - 0x00007ff792e50000 	C:\Program Files\Java\jdk-20\bin\java.exe
0x00007ff9c3c90000 - 0x00007ff9c3ea4000 	C:\WINDOWS\SYSTEM32\ntdll.dll
0x00007ff9c2c00000 - 0x00007ff9c2cc4000 	C:\WINDOWS\System32\KERNEL32.DLL
0x00007ff9c1390000 - 0x00007ff9c1734000 	C:\WINDOWS\System32\KERNELBASE.dll
0x00007ff9c1270000 - 0x00007ff9c1381000 	C:\WINDOWS\System32\ucrtbase.dll
0x00007ff9ba110000 - 0x00007ff9ba12b000 	C:\Program Files\Java\jdk-20\bin\VCRUNTIME140.dll
0x00007ff9afeb0000 - 0x00007ff9afec9000 	C:\Program Files\Java\jdk-20\bin\jli.dll
0x00007ff9c1a50000 - 0x00007ff9c1b00000 	C:\WINDOWS\System32\ADVAPI32.dll
0x00007ff9c2040000 - 0x00007ff9c20e7000 	C:\WINDOWS\System32\msvcrt.dll
0x00007ff9c1b00000 - 0x00007ff9c1ba6000 	C:\WINDOWS\System32\sechost.dll
0x00007ff9c32b0000 - 0x00007ff9c33c7000 	C:\WINDOWS\System32\RPCRT4.dll
0x00007ff9c2cd0000 - 0x00007ff9c2e7a000 	C:\WINDOWS\System32\USER32.dll
0x00007ff9c1070000 - 0x00007ff9c1096000 	C:\WINDOWS\System32\win32u.dll
0x00007ff9c34d0000 - 0x00007ff9c34f9000 	C:\WINDOWS\System32\GDI32.dll
0x00007ff9b16f0000 - 0x00007ff9b197f000 	C:\WINDOWS\WinSxS\amd64_microsoft.windows.common-controls_6595b64144ccf1df_6.0.22621.2070_none_2713e6537381f706\COMCTL32.dll
0x00007ff9c17c0000 - 0x00007ff9c18d9000 	C:\WINDOWS\System32\gdi32full.dll
0x00007ff9c10a0000 - 0x00007ff9c113a000 	C:\WINDOWS\System32\msvcp_win.dll
0x00007ff9b98a0000 - 0x00007ff9b98aa000 	C:\WINDOWS\SYSTEM32\VERSION.dll
0x00007ff9c2390000 - 0x00007ff9c23c1000 	C:\WINDOWS\System32\IMM32.DLL
0x00007ff9ba100000 - 0x00007ff9ba10c000 	C:\Program Files\Java\jdk-20\bin\vcruntime140_1.dll
0x00007ff99b790000 - 0x00007ff99b81e000 	C:\Program Files\Java\jdk-20\bin\msvcp140.dll
0x00007ff968e70000 - 0x00007ff969b08000 	C:\Program Files\Java\jdk-20\bin\server\jvm.dll
0x00007ff9bdf80000 - 0x00007ff9bdf89000 	C:\WINDOWS\SYSTEM32\WSOCK32.dll
0x00007ff9b9240000 - 0x00007ff9b9274000 	C:\WINDOWS\SYSTEM32\WINMM.dll
0x00007ff9c1eb0000 - 0x00007ff9c1f21000 	C:\WINDOWS\System32\WS2_32.dll
0x00007ff9c00b0000 - 0x00007ff9c00c8000 	C:\WINDOWS\SYSTEM32\kernel.appcore.dll
0x00007ff9b88e0000 - 0x00007ff9b88ea000 	C:\Program Files\Java\jdk-20\bin\jimage.dll
0x00007ff9bf4e0000 - 0x00007ff9bf70e000 	C:\WINDOWS\SYSTEM32\DBGHELP.DLL
0x00007ff9c2ea0000 - 0x00007ff9c322a000 	C:\WINDOWS\System32\combase.dll
0x00007ff9c22b0000 - 0x00007ff9c2387000 	C:\WINDOWS\System32\OLEAUT32.dll
0x00007ff9b9aa0000 - 0x00007ff9b9ad2000 	C:\WINDOWS\SYSTEM32\dbgcore.DLL
0x00007ff9c1740000 - 0x00007ff9c17ba000 	C:\WINDOWS\System32\bcryptPrimitives.dll
0x00007ff9afef0000 - 0x00007ff9aff16000 	C:\Program Files\Java\jdk-20\bin\java.dll

dbghelp: loaded successfully - version: 4.0.5 - missing functions: none
symbol engine: initialized successfully - sym options: 0x614 - pdb path: .;C:\Program Files\Java\jdk-20\bin;C:\WINDOWS\SYSTEM32;C:\WINDOWS\WinSxS\amd64_microsoft.windows.common-controls_6595b64144ccf1df_6.0.22621.2070_none_2713e6537381f706;C:\Program Files\Java\jdk-20\bin\server

VM Arguments:
jvm_args: -Dfile.encoding=UTF-8 --module-path=C:\Users\arko\OneDrive\Documents\NetBeansProjects\Quiz Application\build\classes 
java_command: quiz.application.Quiz
java_class_path (initial): C:\Users\arko\OneDrive\Documents\NetBeansProjects\Quiz Application\build\classes
Launcher Type: SUN_STANDARD

[Global flags]
     intx CICompilerCount                          = 4                                         {product} {ergonomic}
     uint ConcGCThreads                            = 2                                         {product} {ergonomic}
     uint G1ConcRefinementThreads                  = 8                                         {product} {ergonomic}
   size_t G1HeapRegionSize                         = 1048576                                   {product} {ergonomic}
    uintx GCDrainStackTargetSize                   = 64                                        {product} {ergonomic}
   size_t InitialHeapSize                          = 130023424                                 {product} {ergonomic}
   size_t MarkStackSize                            = 4194304                                   {product} {ergonomic}
   size_t MaxHeapSize                              = 2080374784                                {product} {ergonomic}
   size_t MinHeapDeltaBytes                        = 1048576                                   {product} {ergonomic}
   size_t MinHeapSize                              = 8388608                                   {product} {ergonomic}
    uintx NonNMethodCodeHeapSize                   = 5839372                                {pd product} {ergonomic}
    uintx NonProfiledCodeHeapSize                  = 122909434                              {pd product} {ergonomic}
    uintx ProfiledCodeHeapSize                     = 122909434                              {pd product} {ergonomic}
    uintx ReservedCodeCacheSize                    = 251658240                              {pd product} {ergonomic}
     bool SegmentedCodeCache                       = true                                      {product} {ergonomic}
   size_t SoftMaxHeapSize                          = 2080374784                             {manageable} {ergonomic}
     bool UseCompressedClassPointers               = true                           {product lp64_product} {ergonomic}
     bool UseCompressedOops                        = true                           {product lp64_product} {ergonomic}
     bool UseG1GC                                  = true                                      {product} {ergonomic}
     bool UseLargePagesIndividualAllocation        = false                                  {pd product} {ergonomic}

Logging:
Log output configuration:
 #0: stdout all=warning uptime,level,tags foldmultilines=false
 #1: stderr all=off uptime,level,tags foldmultilines=false

Environment Variables:
PATH=C:\Program Files\Common Files\Oracle\Java\javapath;C:\Program Files\Eclipse Adoptium\jdk-17.0.7.7-hotspot\bin;C:\Python311\Scripts\;C:\Python311\;C:\WINDOWS\system32;C:\WINDOWS;C:\WINDOWS\System32\Wbem;C:\WINDOWS\System32\WindowsPowerShell\v1.0\;C:\WINDOWS\System32\OpenSSH\;C:\ProgramData\chocolatey\bin;C:\Program Files\nodejs\;C:\Program Files\Java\jdk-20\bin;C:\Program Files\Common Files\Oracle\Java\javapath;C:\Users\arko\AppData\Local\Microsoft\WindowsApps;C:\Users\arko\AppData\Local\Programs\Microsoft VS Code\bin;C:\msys64\mingw64\bin;C:\Users\arko\AppData\Local\JetBrains\IntelliJ IDEA Community Edition 2023.1.3\bin;;C:\Users\arko\AppData\Roaming\npm
USERNAME=arko
OS=Windows_NT
PROCESSOR_IDENTIFIER=Intel64 Family 6 Model 126 Stepping 5, GenuineIntel
TMP=C:\Users\arko\AppData\Local\Temp
TEMP=C:\Users\arko\AppData\Local\Temp




---------------  S Y S T E M  ---------------

OS:
 Windows 11 , 64 bit Build 22621 (10.0.22621.2070)
OS uptime: 2 days 8:15 hours

CPU: total 8 (initial active 8) (4 cores per cpu, 2 threads per core) family 6 model 126 stepping 5 microcode 0xa0, cx8, cmov, fxsr, ht, mmx, 3dnowpref, sse, sse2, sse3, ssse3, sse4.1, sse4.2, popcnt, lzcnt, tsc, tscinvbit, avx, avx2, aes, erms, clmul, bmi1, bmi2, adx, avx512f, avx512dq, avx512cd, avx512bw, avx512vl, sha, fma, vzeroupper, avx512_vpopcntdq, avx512_vpclmulqdq, avx512_vaes, avx512_vnni, clflush, clflushopt, avx512_vbmi2, avx512_vbmi, rdtscp, rdpid, fsrm, gfni, avx512_bitalg, f16c, pku, avx512_ifma

Memory: 4k page, system-wide physical 7930M (792M free)
TotalPageFile size 32506M (AvailPageFile size 37M)
current process WorkingSet (physical memory assigned to process): 11M, peak: 11M
current process commit charge ("private bytes"): 60M, peak: 184M

vm_info: Java HotSpot(TM) 64-Bit Server VM (20.0.2+9-78) for windows-amd64 JRE (20.0.2+9-78), built on 2023-06-14T10:08:48Z by "mach5one" with MS VC++ 17.1 (VS2022)

END.
